<?xml version="1.0" encoding="utf-8"?><testsuites name="pytest tests"><testsuite name="pytest" errors="0" failures="0" skipped="0" tests="19" time="1.819" timestamp="2026-09-06T15:19:58.210888+00:00" hostname="agent-env-a272eca7-05ae-44fd-9212-b8a977b10f66"><testcase classname="tests.backend_test.TestAdminAuth" name="test_login_wrong_password" time="0.246" /><testcase classname="tests.backend_test.TestAdminCRUD" name="test_create_get_update_delete" time="0.841" /><testcase classname="tests.backend_test.TestAdminAuth" name="test_login_correct_password" time="0.111" /><testcase classname="tests.backend_test.TestAdminAuth" name="test_verify_no_token" time="0.114" /><testcase classname="tests.backend_test.TestAdminAuth" name="test_verify_bad_token" time="0.108" /><testcase classname="tests.backend_test.TestAdminAuth" name="test_verify_valid_token" time="0.185" /><testcase classname="tests.backend_test.TestGrades" name="test_get_grades" time="0.074" /><testcase classname="tests.backend_test.TestAdminCRUD" name="test_create_bad_grade" time="0.058" /><testcase classname="tests.backend_test.TestGrades" name="test_get_grade_g7" time="0.071" /><testcase classname="tests.backend_test.TestAdminCRUD" name="test_update_nonexistent" time="0.067" /><testcase classname="tests.backend_test.TestGrades" name="test_grade_unknown" time="0.110" /><testcase classname="tests.backend_test.TestAdminCRUD" name="test_delete_nonexistent" time="0.062" /><testcase classname="tests.backend_test.TestLessons" name="test_get_all_lessons" time="0.082" /><testcase classname="tests.backend_test.TestAdminCRUD" name="test_seeded_count_preserved" time="0.060" /><testcase classname="tests.backend_test.TestAdminUnauthorized" name="test_post_lesson_unauth" time="0.100" /><testcase classname="tests.backend_test.TestLessons" name="test_get_lesson_detail" time="0.072" /><testcase classname="tests.backend_test.TestLessons" name="test_lesson_unknown" time="0.071" /><testcase classname="tests.backend_test.TestAdminUnauthorized" name="test_put_lesson_unauth" time="0.059" /><testcase classname="tests.backend_test.TestAdminUnauthorized" name="test_delete_lesson_unauth" time="0.059" /></testsuite></testsuites>