<?xml version="1.0" encoding="utf-8"?><testsuites name="pytest tests"><testsuite name="pytest" errors="0" failures="0" skipped="0" tests="6" time="1.143" timestamp="2026-09-06T14:16:45.296860+00:00" hostname="agent-env-a272eca7-05ae-44fd-9212-b8a977b10f66"><testcase classname="tests.backend_test.TestLessons" name="test_get_all_lessons" time="0.276" /><testcase classname="tests.backend_test.TestGrades" name="test_get_grades" time="0.274" /><testcase classname="tests.backend_test.TestGrades" name="test_get_grade_g7" time="0.079" /><testcase classname="tests.backend_test.TestLessons" name="test_get_lesson_detail" time="0.074" /><testcase classname="tests.backend_test.TestLessons" name="test_lesson_unknown" time="0.064" /><testcase classname="tests.backend_test.TestGrades" name="test_grade_unknown" time="0.105" /></testsuite></testsuites>